<?xml version="1.0" encoding="UTF-8"?>
<!-- Generated by org.testng.reporters.JUnitReportReporter -->
<testsuite skipped="2" hostname="DESKTOP-PTINUE1" name="com.class01.Task2" tests="3" failures="0" timestamp="2020-05-24T00:36:48 MDT" time="7.750" errors="1">
  <testcase name="beforeTest" time="7.749" classname="com.class01.Task2">
    <error type="org.openqa.selenium.SessionNotCreatedException" message="session not created
from chrome not reachable
  (Session info: chrome=81.0.4044.138)
Build info: version: &#039;3.141.59&#039;, revision: &#039;e82be7d358&#039;, time: &#039;2018-11-14T08:25:48&#039;
System info: host: &#039;DESKTOP-PTINUE1&#039;, ip: &#039;192.168.0.27&#039;, os.name: &#039;Windows 10&#039;, os.arch: &#039;amd64&#039;, os.version: &#039;10.0&#039;, java.version: &#039;1.8.0_251&#039;
Driver info: driver.version: ChromeDriver
remote stacktrace: Backtrace:
	Ordinal0 [0x00895F73+2449267]
	Ordinal0 [0x007C8361+1606497]
	Ordinal0 [0x006BF812+522258]
	Ordinal0 [0x006B95B2+497074]
	Ordinal0 [0x006B9C9B+498843]
	Ordinal0 [0x006BABF5+502773]
	Ordinal0 [0x006B6724+485156]
	Ordinal0 [0x006C0600+525824]
	Ordinal0 [0x0066CBB9+183225]
	Ordinal0 [0x0066BF2D+180013]
	Ordinal0 [0x00669E5B+171611]
	Ordinal0 [0x00651DD8+73176]
	Ordinal0 [0x00652E50+77392]
	Ordinal0 [0x00652DE9+77289]
	Ordinal0 [0x007DD8D7+1693911]
	GetHandleVerifier [0x00934036+522726]
	GetHandleVerifier [0x00933D74+522020]
	GetHandleVerifier [0x00949187+609079]
	GetHandleVerifier [0x009348A6+524886]
	Ordinal0 [0x007D5CBC+1662140]
	Ordinal0 [0x007DF23B+1700411]
	Ordinal0 [0x007DF3A3+1700771]
	Ordinal0 [0x007F5215+1790485]
	BaseThreadInitThunk [0x77206359+25]
	RtlGetAppContainerNamedObjectPath [0x77E77C24+228]
	RtlGetAppContainerNamedObjectPath [0x77E77BF4+180]
">
      <![CDATA[org.openqa.selenium.SessionNotCreatedException: session not created
from chrome not reachable
  (Session info: chrome=81.0.4044.138)
Build info: version: '3.141.59', revision: 'e82be7d358', time: '2018-11-14T08:25:48'
System info: host: 'DESKTOP-PTINUE1', ip: '192.168.0.27', os.name: 'Windows 10', os.arch: 'amd64', os.version: '10.0', java.version: '1.8.0_251'
Driver info: driver.version: ChromeDriver
remote stacktrace: Backtrace:
Ordinal0 [0x00895F73+2449267]
Ordinal0 [0x007C8361+1606497]
Ordinal0 [0x006BF812+522258]
Ordinal0 [0x006B95B2+497074]
Ordinal0 [0x006B9C9B+498843]
Ordinal0 [0x006BABF5+502773]
Ordinal0 [0x006B6724+485156]
Ordinal0 [0x006C0600+525824]
Ordinal0 [0x0066CBB9+183225]
Ordinal0 [0x0066BF2D+180013]
Ordinal0 [0x00669E5B+171611]
Ordinal0 [0x00651DD8+73176]
Ordinal0 [0x00652E50+77392]
Ordinal0 [0x00652DE9+77289]
Ordinal0 [0x007DD8D7+1693911]
GetHandleVerifier [0x00934036+522726]
GetHandleVerifier [0x00933D74+522020]
GetHandleVerifier [0x00949187+609079]
GetHandleVerifier [0x009348A6+524886]
Ordinal0 [0x007D5CBC+1662140]
Ordinal0 [0x007DF23B+1700411]
Ordinal0 [0x007DF3A3+1700771]
Ordinal0 [0x007F5215+1790485]
BaseThreadInitThunk [0x77206359+25]
RtlGetAppContainerNamedObjectPath [0x77E77C24+228]
RtlGetAppContainerNamedObjectPath [0x77E77BF4+180]

at sun.reflect.NativeConstructorAccessorImpl.newInstance0(Native Method)
at sun.reflect.NativeConstructorAccessorImpl.newInstance(Unknown Source)
at sun.reflect.DelegatingConstructorAccessorImpl.newInstance(Unknown Source)
at java.lang.reflect.Constructor.newInstance(Unknown Source)
at org.openqa.selenium.remote.W3CHandshakeResponse.lambda$errorHandler$0(W3CHandshakeResponse.java:62)
at org.openqa.selenium.remote.HandshakeResponse.lambda$getResponseFunction$0(HandshakeResponse.java:30)
at org.openqa.selenium.remote.ProtocolHandshake.lambda$createSession$0(ProtocolHandshake.java:126)
at java.util.stream.ReferencePipeline$3$1.accept(Unknown Source)
at java.util.Spliterators$ArraySpliterator.tryAdvance(Unknown Source)
at java.util.stream.ReferencePipeline.forEachWithCancel(Unknown Source)
at java.util.stream.AbstractPipeline.copyIntoWithCancel(Unknown Source)
at java.util.stream.AbstractPipeline.copyInto(Unknown Source)
at java.util.stream.AbstractPipeline.wrapAndCopyInto(Unknown Source)
at java.util.stream.FindOps$FindOp.evaluateSequential(Unknown Source)
at java.util.stream.AbstractPipeline.evaluate(Unknown Source)
at java.util.stream.ReferencePipeline.findFirst(Unknown Source)
at org.openqa.selenium.remote.ProtocolHandshake.createSession(ProtocolHandshake.java:128)
at org.openqa.selenium.remote.ProtocolHandshake.createSession(ProtocolHandshake.java:74)
at org.openqa.selenium.remote.HttpCommandExecutor.execute(HttpCommandExecutor.java:136)
at org.openqa.selenium.remote.service.DriverCommandExecutor.execute(DriverCommandExecutor.java:83)
at org.openqa.selenium.remote.RemoteWebDriver.execute(RemoteWebDriver.java:552)
at org.openqa.selenium.remote.RemoteWebDriver.startSession(RemoteWebDriver.java:213)
at org.openqa.selenium.remote.RemoteWebDriver.<init>(RemoteWebDriver.java:131)
at org.openqa.selenium.chrome.ChromeDriver.<init>(ChromeDriver.java:181)
at org.openqa.selenium.chrome.ChromeDriver.<init>(ChromeDriver.java:168)
at org.openqa.selenium.chrome.ChromeDriver.<init>(ChromeDriver.java:123)
at com.syntax.utils.BaseClass.setUp(BaseClass.java:20)
at com.class01.Task2.beforeTest(Task2.java:32)
at sun.reflect.NativeMethodAccessorImpl.invoke0(Native Method)
at sun.reflect.NativeMethodAccessorImpl.invoke(Unknown Source)
at sun.reflect.DelegatingMethodAccessorImpl.invoke(Unknown Source)
at java.lang.reflect.Method.invoke(Unknown Source)
at org.testng.internal.MethodInvocationHelper.invokeMethod(MethodInvocationHelper.java:135)
at org.testng.internal.MethodInvocationHelper.invokeMethodConsideringTimeout(MethodInvocationHelper.java:64)
at org.testng.internal.ConfigInvoker.invokeConfigurationMethod(ConfigInvoker.java:364)
at org.testng.internal.ConfigInvoker.invokeConfigurations(ConfigInvoker.java:318)
at org.testng.internal.TestInvoker.runConfigMethods(TestInvoker.java:700)
at org.testng.internal.TestInvoker.invokeMethod(TestInvoker.java:527)
at org.testng.internal.TestInvoker.invokeTestMethod(TestInvoker.java:174)
at org.testng.internal.MethodRunner.runInSequence(MethodRunner.java:46)
at org.testng.internal.TestInvoker$MethodInvocationAgent.invoke(TestInvoker.java:821)
at org.testng.internal.TestInvoker.invokeTestMethods(TestInvoker.java:147)
at org.testng.internal.TestMethodWorker.invokeTestMethods(TestMethodWorker.java:146)
at org.testng.internal.TestMethodWorker.run(TestMethodWorker.java:128)
at java.util.ArrayList.forEach(Unknown Source)
at org.testng.TestRunner.privateRun(TestRunner.java:767)
at org.testng.TestRunner.run(TestRunner.java:588)
at org.testng.SuiteRunner.runTest(SuiteRunner.java:384)
at org.testng.SuiteRunner.runSequentially(SuiteRunner.java:378)
at org.testng.SuiteRunner.privateRun(SuiteRunner.java:337)
at org.testng.SuiteRunner.run(SuiteRunner.java:286)
at org.testng.SuiteRunnerWorker.runSuite(SuiteRunnerWorker.java:53)
at org.testng.SuiteRunnerWorker.run(SuiteRunnerWorker.java:96)
at org.testng.TestNG.runSuitesSequentially(TestNG.java:1214)
at org.testng.TestNG.runSuitesLocally(TestNG.java:1136)
at org.testng.TestNG.runSuites(TestNG.java:1066)
at org.testng.TestNG.run(TestNG.java:1034)
at org.testng.remote.AbstractRemoteTestNG.run(AbstractRemoteTestNG.java:115)
at org.testng.remote.RemoteTestNG.initAndRun(RemoteTestNG.java:251)
at org.testng.remote.RemoteTestNG.main(RemoteTestNG.java:77)
]]>
    </error>
  </testcase> <!-- beforeTest -->
  <system-out/>
  <testcase name="inValidLogin" time="0.001" classname="com.class01.Task2">
    <skipped/>
  </testcase> <!-- inValidLogin -->
  <system-out/>
  <testcase name="validLogin" time="0.000" classname="com.class01.Task2">
    <skipped/>
  </testcase> <!-- validLogin -->
  <system-out/>
</testsuite> <!-- com.class01.Task2 -->
